{"C:\\Users\\chand\\Work\\ReactJS\\BT\\server\\src\\app.ts": {"path":"C:\\Users\\chand\\Work\\ReactJS\\BT\\server\\src\\app.ts","statementMap":{"0":{"start":{"line":6,"column":12},"end":{"line":6,"column":21}},"1":{"start":{"line":8,"column":0},"end":{"line":8,"column":16}},"2":{"start":{"line":9,"column":0},"end":{"line":9,"column":27}},"3":{"start":{"line":10,"column":0},"end":{"line":10,"column":31}}},"fnMap":{},"branchMap":{},"s":{"0":1,"1":1,"2":1,"3":1},"f":{},"b":{},"_coverageSchema":"1a1c01bbd47fc00a2c39e90264f33305004495a9","hash":"c9484d38ef2ddf702ecca24bcc66af1273758d01"}
,"C:\\Users\\chand\\Work\\ReactJS\\BT\\server\\src\\server.ts": {"path":"C:\\Users\\chand\\Work\\ReactJS\\BT\\server\\src\\server.ts","statementMap":{"0":{"start":{"line":3,"column":13},"end":{"line":3,"column":37}},"1":{"start":{"line":6,"column":18},"end":{"line":14,"column":1}},"2":{"start":{"line":7,"column":4},"end":{"line":13,"column":5}},"3":{"start":{"line":8,"column":8},"end":{"line":8,"column":42}},"4":{"start":{"line":9,"column":8},"end":{"line":9,"column":55}},"5":{"start":{"line":11,"column":8},"end":{"line":11,"column":50}},"6":{"start":{"line":12,"column":8},"end":{"line":12,"column":24}},"7":{"start":{"line":15,"column":0},"end":{"line":18,"column":2}},"8":{"start":{"line":16,"column":4},"end":{"line":16,"column":21}},"9":{"start":{"line":17,"column":4},"end":{"line":17,"column":49}}},"fnMap":{"0":{"name":"(anonymous_0)","decl":{"start":{"line":6,"column":18},"end":{"line":6,"column":19}},"loc":{"start":{"line":6,"column":30},"end":{"line":14,"column":1}},"line":6},"1":{"name":"(anonymous_1)","decl":{"start":{"line":15,"column":18},"end":{"line":15,"column":19}},"loc":{"start":{"line":15,"column":30},"end":{"line":18,"column":1}},"line":15}},"branchMap":{"0":{"loc":{"start":{"line":3,"column":13},"end":{"line":3,"column":37}},"type":"binary-expr","locations":[{"start":{"line":3,"column":13},"end":{"line":3,"column":29}},{"start":{"line":3,"column":33},"end":{"line":3,"column":37}}],"line":3}},"s":{"0":1,"1":1,"2":1,"3":1,"4":1,"5":0,"6":0,"7":1,"8":1,"9":1},"f":{"0":1,"1":1},"b":{"0":[1,1]},"_coverageSchema":"1a1c01bbd47fc00a2c39e90264f33305004495a9","hash":"25f7f38760ad3607470756cea62b28cd6778b8c4"}
,"C:\\Users\\chand\\Work\\ReactJS\\BT\\server\\src\\Controllers\\index.ts": {"path":"C:\\Users\\chand\\Work\\ReactJS\\BT\\server\\src\\Controllers\\index.ts","statementMap":{"0":{"start":{"line":13,"column":17},"end":{"line":13,"column":55}},"1":{"start":{"line":18,"column":28},"end":{"line":25,"column":1}},"2":{"start":{"line":19,"column":4},"end":{"line":24,"column":5}},"3":{"start":{"line":20,"column":27},"end":{"line":20,"column":58}},"4":{"start":{"line":21,"column":8},"end":{"line":21,"column":28}},"5":{"start":{"line":23,"column":8},"end":{"line":23,"column":52}},"6":{"start":{"line":27,"column":34},"end":{"line":48,"column":1}},"7":{"start":{"line":28,"column":4},"end":{"line":47,"column":5}},"8":{"start":{"line":29,"column":31},"end":{"line":29,"column":40}},"9":{"start":{"line":30,"column":25},"end":{"line":35,"column":10}},"10":{"start":{"line":36,"column":30},"end":{"line":43,"column":14}},"11":{"start":{"line":37,"column":12},"end":{"line":41,"column":13}},"12":{"start":{"line":38,"column":16},"end":{"line":38,"column":72}},"13":{"start":{"line":40,"column":16},"end":{"line":40,"column":46}},"14":{"start":{"line":42,"column":12},"end":{"line":42,"column":22}},"15":{"start":{"line":44,"column":8},"end":{"line":44,"column":31}},"16":{"start":{"line":46,"column":8},"end":{"line":46,"column":52}},"17":{"start":{"line":50,"column":29},"end":{"line":85,"column":1}},"18":{"start":{"line":51,"column":4},"end":{"line":84,"column":5}},"19":{"start":{"line":53,"column":37},"end":{"line":53,"column":46}},"20":{"start":{"line":54,"column":26},"end":{"line":54,"column":74}},"21":{"start":{"line":55,"column":23},"end":{"line":55,"column":27}},"22":{"start":{"line":56,"column":8},"end":{"line":78,"column":9}},"23":{"start":{"line":56,"column":20},"end":{"line":56,"column":21}},"24":{"start":{"line":57,"column":12},"end":{"line":66,"column":14}},"25":{"start":{"line":67,"column":12},"end":{"line":77,"column":13}},"26":{"start":{"line":68,"column":16},"end":{"line":75,"column":18}},"27":{"start":{"line":76,"column":16},"end":{"line":76,"column":22}},"28":{"start":{"line":79,"column":8},"end":{"line":81,"column":120}},"29":{"start":{"line":83,"column":8},"end":{"line":83,"column":52}},"30":{"start":{"line":87,"column":25},"end":{"line":101,"column":1}},"31":{"start":{"line":88,"column":4},"end":{"line":100,"column":5}},"32":{"start":{"line":89,"column":42},"end":{"line":89,"column":50}},"33":{"start":{"line":90,"column":28},"end":{"line":96,"column":10}},"34":{"start":{"line":97,"column":8},"end":{"line":97,"column":75}},"35":{"start":{"line":99,"column":8},"end":{"line":99,"column":52}}},"fnMap":{"0":{"name":"(anonymous_0)","decl":{"start":{"line":18,"column":28},"end":{"line":18,"column":29}},"loc":{"start":{"line":18,"column":67},"end":{"line":25,"column":1}},"line":18},"1":{"name":"(anonymous_1)","decl":{"start":{"line":27,"column":34},"end":{"line":27,"column":35}},"loc":{"start":{"line":27,"column":73},"end":{"line":48,"column":1}},"line":27},"2":{"name":"(anonymous_2)","decl":{"start":{"line":36,"column":54},"end":{"line":36,"column":55}},"loc":{"start":{"line":36,"column":93},"end":{"line":43,"column":9}},"line":36},"3":{"name":"(anonymous_3)","decl":{"start":{"line":50,"column":29},"end":{"line":50,"column":30}},"loc":{"start":{"line":50,"column":68},"end":{"line":85,"column":1}},"line":50},"4":{"name":"(anonymous_4)","decl":{"start":{"line":87,"column":25},"end":{"line":87,"column":26}},"loc":{"start":{"line":87,"column":64},"end":{"line":101,"column":1}},"line":87}},"branchMap":{"0":{"loc":{"start":{"line":23,"column":29},"end":{"line":23,"column":51}},"type":"binary-expr","locations":[{"start":{"line":23,"column":29},"end":{"line":23,"column":42}},{"start":{"line":23,"column":46},"end":{"line":23,"column":51}}],"line":23},"1":{"loc":{"start":{"line":36,"column":31},"end":{"line":36,"column":45}},"type":"binary-expr","locations":[{"start":{"line":36,"column":31},"end":{"line":36,"column":39}},{"start":{"line":36,"column":43},"end":{"line":36,"column":45}}],"line":36},"2":{"loc":{"start":{"line":37,"column":12},"end":{"line":41,"column":13}},"type":"if","locations":[{"start":{"line":37,"column":12},"end":{"line":41,"column":13}},{"start":{"line":39,"column":19},"end":{"line":41,"column":13}}],"line":37},"3":{"loc":{"start":{"line":46,"column":29},"end":{"line":46,"column":51}},"type":"binary-expr","locations":[{"start":{"line":46,"column":29},"end":{"line":46,"column":42}},{"start":{"line":46,"column":46},"end":{"line":46,"column":51}}],"line":46},"4":{"loc":{"start":{"line":67,"column":12},"end":{"line":77,"column":13}},"type":"if","locations":[{"start":{"line":67,"column":12},"end":{"line":77,"column":13}},{"start":{},"end":{}}],"line":67},"5":{"loc":{"start":{"line":83,"column":29},"end":{"line":83,"column":51}},"type":"binary-expr","locations":[{"start":{"line":83,"column":29},"end":{"line":83,"column":42}},{"start":{"line":83,"column":46},"end":{"line":83,"column":51}}],"line":83},"6":{"loc":{"start":{"line":99,"column":29},"end":{"line":99,"column":51}},"type":"binary-expr","locations":[{"start":{"line":99,"column":29},"end":{"line":99,"column":42}},{"start":{"line":99,"column":46},"end":{"line":99,"column":51}}],"line":99}},"s":{"0":1,"1":1,"2":1,"3":1,"4":1,"5":0,"6":1,"7":1,"8":1,"9":1,"10":1,"11":80,"12":78,"13":2,"14":80,"15":1,"16":0,"17":1,"18":1,"19":1,"20":1,"21":1,"22":1,"23":1,"24":1,"25":1,"26":1,"27":1,"28":1,"29":0,"30":1,"31":1,"32":1,"33":1,"34":1,"35":0},"f":{"0":1,"1":1,"2":80,"3":1,"4":1},"b":{"0":[0,0],"1":[1,0],"2":[78,2],"3":[0,0],"4":[1,0],"5":[0,0],"6":[0,0]},"_coverageSchema":"1a1c01bbd47fc00a2c39e90264f33305004495a9","hash":"98c9a6572e0107c1f65ed86b56f297ba0b613f51"}
,"C:\\Users\\chand\\Work\\ReactJS\\BT\\server\\src\\Routes\\index.ts": {"path":"C:\\Users\\chand\\Work\\ReactJS\\BT\\server\\src\\Routes\\index.ts","statementMap":{"0":{"start":{"line":4,"column":25},"end":{"line":4,"column":33}},"1":{"start":{"line":6,"column":0},"end":{"line":6,"column":69}},"2":{"start":{"line":8,"column":0},"end":{"line":8,"column":77}},"3":{"start":{"line":10,"column":0},"end":{"line":10,"column":73}},"4":{"start":{"line":12,"column":0},"end":{"line":12,"column":63}}},"fnMap":{},"branchMap":{},"s":{"0":1,"1":1,"2":1,"3":1,"4":1},"f":{},"b":{},"_coverageSchema":"1a1c01bbd47fc00a2c39e90264f33305004495a9","hash":"126e5c44965612e951c994b1a0e6c713c8aa9368"}
,"C:\\Users\\chand\\Work\\ReactJS\\BT\\server\\src\\sequelize\\config\\config.js": {"path":"C:\\Users\\chand\\Work\\ReactJS\\BT\\server\\src\\sequelize\\config\\config.js","statementMap":{"0":{"start":{"line":1,"column":0},"end":{"line":14,"column":1}}},"fnMap":{},"branchMap":{"0":{"loc":{"start":{"line":2,"column":3},"end":{"line":2,"column":40}},"type":"binary-expr","locations":[{"start":{"line":2,"column":3},"end":{"line":2,"column":23}},{"start":{"line":2,"column":27},"end":{"line":2,"column":40}}],"line":2}},"s":{"0":1},"f":{},"b":{"0":[1,0]},"inputSourceMap":null,"_coverageSchema":"1a1c01bbd47fc00a2c39e90264f33305004495a9","hash":"7f3e71ddc68c3cb5a27ca4673a95660a64d45ea8"}
,"C:\\Users\\chand\\Work\\ReactJS\\BT\\server\\src\\sequelize\\models\\index.ts": {"path":"C:\\Users\\chand\\Work\\ReactJS\\BT\\server\\src\\sequelize\\models\\index.ts","statementMap":{"0":{"start":{"line":5,"column":18},"end":{"line":5,"column":38}},"1":{"start":{"line":6,"column":17},"end":{"line":6,"column":42}},"2":{"start":{"line":7,"column":12},"end":{"line":7,"column":49}},"3":{"start":{"line":8,"column":15},"end":{"line":8,"column":63}},"4":{"start":{"line":9,"column":16},"end":{"line":9,"column":18}},"5":{"start":{"line":12,"column":0},"end":{"line":16,"column":1}},"6":{"start":{"line":13,"column":2},"end":{"line":13,"column":74}},"7":{"start":{"line":15,"column":2},"end":{"line":15,"column":87}},"8":{"start":{"line":18,"column":0},"end":{"line":26,"column":5}},"9":{"start":{"line":21,"column":4},"end":{"line":21,"column":90}},"10":{"start":{"line":24,"column":18},"end":{"line":24,"column":85}},"11":{"start":{"line":25,"column":4},"end":{"line":25,"column":27}},"12":{"start":{"line":28,"column":0},"end":{"line":32,"column":3}},"13":{"start":{"line":29,"column":2},"end":{"line":31,"column":3}},"14":{"start":{"line":30,"column":4},"end":{"line":30,"column":32}},"15":{"start":{"line":34,"column":0},"end":{"line":34,"column":25}},"16":{"start":{"line":35,"column":0},"end":{"line":35,"column":25}}},"fnMap":{"0":{"name":"(anonymous_0)","decl":{"start":{"line":20,"column":10},"end":{"line":20,"column":11}},"loc":{"start":{"line":20,"column":28},"end":{"line":22,"column":3}},"line":20},"1":{"name":"(anonymous_1)","decl":{"start":{"line":23,"column":11},"end":{"line":23,"column":12}},"loc":{"start":{"line":23,"column":26},"end":{"line":26,"column":3}},"line":23},"2":{"name":"(anonymous_2)","decl":{"start":{"line":28,"column":24},"end":{"line":28,"column":25}},"loc":{"start":{"line":28,"column":37},"end":{"line":32,"column":1}},"line":28}},"branchMap":{"0":{"loc":{"start":{"line":7,"column":12},"end":{"line":7,"column":49}},"type":"binary-expr","locations":[{"start":{"line":7,"column":12},"end":{"line":7,"column":32}},{"start":{"line":7,"column":36},"end":{"line":7,"column":49}}],"line":7},"1":{"loc":{"start":{"line":12,"column":0},"end":{"line":16,"column":1}},"type":"if","locations":[{"start":{"line":12,"column":0},"end":{"line":16,"column":1}},{"start":{"line":14,"column":7},"end":{"line":16,"column":1}}],"line":12},"2":{"loc":{"start":{"line":21,"column":11},"end":{"line":21,"column":89}},"type":"binary-expr","locations":[{"start":{"line":21,"column":12},"end":{"line":21,"column":35}},{"start":{"line":21,"column":41},"end":{"line":21,"column":58}},{"start":{"line":21,"column":64},"end":{"line":21,"column":88}}],"line":21},"3":{"loc":{"start":{"line":29,"column":2},"end":{"line":31,"column":3}},"type":"if","locations":[{"start":{"line":29,"column":2},"end":{"line":31,"column":3}},{"start":{},"end":{}}],"line":29}},"s":{"0":1,"1":1,"2":1,"3":1,"4":1,"5":1,"6":0,"7":1,"8":1,"9":3,"10":2,"11":2,"12":1,"13":2,"14":2,"15":1,"16":1},"f":{"0":3,"1":2,"2":2},"b":{"0":[1,0],"1":[0,1],"2":[3,3,2],"3":[2,0]},"_coverageSchema":"1a1c01bbd47fc00a2c39e90264f33305004495a9","hash":"a3f563be4125618ee3e71b7d8911238adde7ac25"}
,"C:\\Users\\chand\\Work\\ReactJS\\BT\\server\\src\\sequelize\\models\\parking_place.ts": {"path":"C:\\Users\\chand\\Work\\ReactJS\\BT\\server\\src\\sequelize\\models\\parking_place.ts","statementMap":{"0":{"start":{"line":3,"column":0},"end":{"line":27,"column":2}},"1":{"start":{"line":12,"column":6},"end":{"line":14,"column":7}},"2":{"start":{"line":17,"column":2},"end":{"line":25,"column":5}},"3":{"start":{"line":26,"column":2},"end":{"line":26,"column":22}}},"fnMap":{"0":{"name":"(anonymous_0)","decl":{"start":{"line":3,"column":17},"end":{"line":3,"column":18}},"loc":{"start":{"line":3,"column":53},"end":{"line":27,"column":1}},"line":3},"1":{"name":"(anonymous_1)","decl":{"start":{"line":10,"column":4},"end":{"line":10,"column":5}},"loc":{"start":{"line":10,"column":34},"end":{"line":15,"column":5}},"line":10}},"branchMap":{},"s":{"0":1,"1":1,"2":1,"3":1},"f":{"0":1,"1":1},"b":{},"_coverageSchema":"1a1c01bbd47fc00a2c39e90264f33305004495a9","hash":"b4f7d5645acab8a0ff48be1adba8746e655aa982"}
,"C:\\Users\\chand\\Work\\ReactJS\\BT\\server\\src\\sequelize\\models\\parking_slots.ts": {"path":"C:\\Users\\chand\\Work\\ReactJS\\BT\\server\\src\\sequelize\\models\\parking_slots.ts","statementMap":{"0":{"start":{"line":3,"column":0},"end":{"line":35,"column":2}},"1":{"start":{"line":11,"column":6},"end":{"line":11,"column":87}},"2":{"start":{"line":14,"column":2},"end":{"line":33,"column":5}},"3":{"start":{"line":34,"column":2},"end":{"line":34,"column":21}}},"fnMap":{"0":{"name":"(anonymous_0)","decl":{"start":{"line":3,"column":17},"end":{"line":3,"column":18}},"loc":{"start":{"line":3,"column":53},"end":{"line":35,"column":1}},"line":3},"1":{"name":"(anonymous_1)","decl":{"start":{"line":10,"column":4},"end":{"line":10,"column":5}},"loc":{"start":{"line":10,"column":34},"end":{"line":12,"column":5}},"line":10}},"branchMap":{},"s":{"0":1,"1":1,"2":1,"3":1},"f":{"0":1,"1":1},"b":{},"_coverageSchema":"1a1c01bbd47fc00a2c39e90264f33305004495a9","hash":"87d31ff747f917b3eca8a2c6bf246e7a5d306684"}
}
