TN:
SF:src\app.ts
FNF:0
FNH:0
DA:6,1
DA:8,1
DA:9,1
DA:10,1
LF:4
LH:4
BRF:0
BRH:0
end_of_record
TN:
SF:src\server.ts
FN:6,(anonymous_0)
FN:15,(anonymous_1)
FNF:2
FNH:2
FNDA:1,(anonymous_0)
FNDA:1,(anonymous_1)
DA:3,1
DA:6,1
DA:7,1
DA:8,1
DA:9,1
DA:11,0
DA:12,0
DA:15,1
DA:16,1
DA:17,1
LF:10
LH:8
BRDA:3,0,0,1
BRDA:3,0,1,1
BRF:2
BRH:2
end_of_record
TN:
SF:src\Controllers\index.ts
FN:18,(anonymous_0)
FN:27,(anonymous_1)
FN:36,(anonymous_2)
FN:50,(anonymous_3)
FN:87,(anonymous_4)
FNF:5
FNH:5
FNDA:1,(anonymous_0)
FNDA:1,(anonymous_1)
FNDA:80,(anonymous_2)
FNDA:1,(anonymous_3)
FNDA:1,(anonymous_4)
DA:13,1
DA:18,1
DA:19,1
DA:20,1
DA:21,1
DA:23,0
DA:27,1
DA:28,1
DA:29,1
DA:30,1
DA:36,1
DA:37,80
DA:38,78
DA:40,2
DA:42,80
DA:44,1
DA:46,0
DA:50,1
DA:51,1
DA:53,1
DA:54,1
DA:55,1
DA:56,1
DA:57,1
DA:67,1
DA:68,1
DA:76,1
DA:79,1
DA:83,0
DA:87,1
DA:88,1
DA:89,1
DA:90,1
DA:97,1
DA:99,0
LF:35
LH:31
BRDA:23,0,0,0
BRDA:23,0,1,0
BRDA:36,1,0,1
BRDA:36,1,1,0
BRDA:37,2,0,78
BRDA:37,2,1,2
BRDA:46,3,0,0
BRDA:46,3,1,0
BRDA:67,4,0,1
BRDA:67,4,1,0
BRDA:83,5,0,0
BRDA:83,5,1,0
BRDA:99,6,0,0
BRDA:99,6,1,0
BRF:14
BRH:4
end_of_record
TN:
SF:src\Routes\index.ts
FNF:0
FNH:0
DA:4,1
DA:6,1
DA:8,1
DA:10,1
DA:12,1
LF:5
LH:5
BRF:0
BRH:0
end_of_record
TN:
SF:src\sequelize\config\config.js
FNF:0
FNH:0
DA:1,1
LF:1
LH:1
BRDA:2,0,0,1
BRDA:2,0,1,0
BRF:2
BRH:1
end_of_record
TN:
SF:src\sequelize\models\index.ts
FN:20,(anonymous_0)
FN:23,(anonymous_1)
FN:28,(anonymous_2)
FNF:3
FNH:3
FNDA:3,(anonymous_0)
FNDA:2,(anonymous_1)
FNDA:2,(anonymous_2)
DA:5,1
DA:6,1
DA:7,1
DA:8,1
DA:9,1
DA:12,1
DA:13,0
DA:15,1
DA:18,1
DA:21,3
DA:24,2
DA:25,2
DA:28,1
DA:29,2
DA:30,2
DA:34,1
DA:35,1
LF:17
LH:16
BRDA:7,0,0,1
BRDA:7,0,1,0
BRDA:12,1,0,0
BRDA:12,1,1,1
BRDA:21,2,0,3
BRDA:21,2,1,3
BRDA:21,2,2,2
BRDA:29,3,0,2
BRDA:29,3,1,0
BRF:9
BRH:6
end_of_record
TN:
SF:src\sequelize\models\parking_place.ts
FN:3,(anonymous_0)
FN:10,(anonymous_1)
FNF:2
FNH:2
FNDA:1,(anonymous_0)
FNDA:1,(anonymous_1)
DA:3,1
DA:12,1
DA:17,1
DA:26,1
LF:4
LH:4
BRF:0
BRH:0
end_of_record
TN:
SF:src\sequelize\models\parking_slots.ts
FN:3,(anonymous_0)
FN:10,(anonymous_1)
FNF:2
FNH:2
FNDA:1,(anonymous_0)
FNDA:1,(anonymous_1)
DA:3,1
DA:11,1
DA:14,1
DA:34,1
LF:4
LH:4
BRF:0
BRH:0
end_of_record
