{"C:\\Users\\chand\\Work\\ReactJS\\BT\\client\\src\\Components\\CarParking.tsx": {"path":"C:\\Users\\chand\\Work\\ReactJS\\BT\\client\\src\\Components\\CarParking.tsx","statementMap":{"0":{"start":{"line":1,"column":0},"end":{"line":1,"column":64}},"1":{"start":{"line":2,"column":0},"end":{"line":2,"column":42}},"2":{"start":{"line":3,"column":0},"end":{"line":3,"column":39}},"3":{"start":{"line":4,"column":0},"end":{"line":4,"column":26}},"4":{"start":{"line":6,"column":0},"end":{"line":6,"column":54}},"5":{"start":{"line":8,"column":19},"end":{"line":147,"column":1}},"6":{"start":{"line":9,"column":36},"end":{"line":9,"column":48}},"7":{"start":{"line":10,"column":50},"end":{"line":10,"column":69}},"8":{"start":{"line":11,"column":50},"end":{"line":11,"column":75}},"9":{"start":{"line":12,"column":36},"end":{"line":12,"column":53}},"10":{"start":{"line":13,"column":21},"end":{"line":13,"column":59}},"11":{"start":{"line":15,"column":28},"end":{"line":24,"column":5}},"12":{"start":{"line":16,"column":6},"end":{"line":23,"column":null}},"13":{"start":{"line":17,"column":30},"end":{"line":18,"column":null}},"14":{"start":{"line":20,"column":8},"end":{"line":20,"column":47}},"15":{"start":{"line":22,"column":8},"end":{"line":22,"column":24}},"16":{"start":{"line":26,"column":28},"end":{"line":35,"column":5}},"17":{"start":{"line":27,"column":6},"end":{"line":34,"column":null}},"18":{"start":{"line":28,"column":25},"end":{"line":29,"column":null}},"19":{"start":{"line":31,"column":8},"end":{"line":31,"column":42}},"20":{"start":{"line":33,"column":8},"end":{"line":33,"column":24}},"21":{"start":{"line":37,"column":4},"end":{"line":41,"column":26}},"22":{"start":{"line":39,"column":6},"end":{"line":39,"column":24}},"23":{"start":{"line":40,"column":6},"end":{"line":40,"column":39}},"24":{"start":{"line":43,"column":26},"end":{"line":47,"column":5}},"25":{"start":{"line":44,"column":24},"end":{"line":44,"column":35}},"26":{"start":{"line":45,"column":6},"end":{"line":45,"column":32}},"27":{"start":{"line":46,"column":6},"end":{"line":46,"column":29}},"28":{"start":{"line":49,"column":26},"end":{"line":52,"column":5}},"29":{"start":{"line":50,"column":24},"end":{"line":50,"column":35}},"30":{"start":{"line":51,"column":6},"end":{"line":51,"column":32}},"31":{"start":{"line":54,"column":25},"end":{"line":71,"column":10}},"32":{"start":{"line":55,"column":8},"end":{"line":70,"column":null}},"33":{"start":{"line":56,"column":29},"end":{"line":60,"column":null}},"34":{"start":{"line":62,"column":12},"end":{"line":62,"column":null}},"35":{"start":{"line":63,"column":12},"end":{"line":65,"column":null}},"36":{"start":{"line":64,"column":16},"end":{"line":64,"column":null}},"37":{"start":{"line":67,"column":10},"end":{"line":69,"column":null}},"38":{"start":{"line":68,"column":12},"end":{"line":68,"column":null}},"39":{"start":{"line":73,"column":23},"end":{"line":94,"column":5}},"40":{"start":{"line":74,"column":6},"end":{"line":93,"column":null}},"41":{"start":{"line":76,"column":8},"end":{"line":76,"column":83}},"42":{"start":{"line":76,"column":29},"end":{"line":76,"column":83}},"43":{"start":{"line":77,"column":8},"end":{"line":77,"column":73}},"44":{"start":{"line":77,"column":29},"end":{"line":77,"column":73}},"45":{"start":{"line":79,"column":31},"end":{"line":82,"column":null}},"46":{"start":{"line":83,"column":25},"end":{"line":83,"column":125}},"47":{"start":{"line":84,"column":8},"end":{"line":84,"column":null}},"48":{"start":{"line":85,"column":25},"end":{"line":85,"column":38}},"49":{"start":{"line":86,"column":8},"end":{"line":88,"column":null}},"50":{"start":{"line":87,"column":10},"end":{"line":87,"column":null}},"51":{"start":{"line":90,"column":8},"end":{"line":92,"column":null}},"52":{"start":{"line":91,"column":10},"end":{"line":91,"column":null}},"53":{"start":{"line":95,"column":4},"end":{"line":146,"column":null}},"54":{"start":{"line":100,"column":14},"end":{"line":100,"column":null}},"55":{"start":{"line":104,"column":20},"end":{"line":104,"column":null}},"56":{"start":{"line":123,"column":16},"end":{"line":127,"column":18}},"57":{"start":{"line":135,"column":16},"end":{"line":139,"column":18}},"58":{"start":{"line":149,"column":0},"end":{"line":149,"column":null}}},"fnMap":{"0":{"name":"(anonymous_0)","decl":{"start":{"line":8,"column":19},"end":{"line":8,"column":22}},"loc":{"start":{"line":8,"column":24},"end":{"line":147,"column":1}}},"1":{"name":"(anonymous_1)","decl":{"start":{"line":15,"column":28},"end":{"line":15,"column":33}},"loc":{"start":{"line":15,"column":56},"end":{"line":24,"column":5}}},"2":{"name":"(anonymous_2)","decl":{"start":{"line":26,"column":28},"end":{"line":26,"column":33}},"loc":{"start":{"line":26,"column":39},"end":{"line":35,"column":5}}},"3":{"name":"(anonymous_3)","decl":{"start":{"line":37,"column":14},"end":{"line":37,"column":17}},"loc":{"start":{"line":37,"column":19},"end":{"line":41,"column":5}}},"4":{"name":"(anonymous_4)","decl":{"start":{"line":43,"column":26},"end":{"line":43,"column":27}},"loc":{"start":{"line":43,"column":59},"end":{"line":47,"column":5}}},"5":{"name":"(anonymous_5)","decl":{"start":{"line":49,"column":26},"end":{"line":49,"column":27}},"loc":{"start":{"line":49,"column":59},"end":{"line":52,"column":5}}},"6":{"name":"(anonymous_6)","decl":{"start":{"line":54,"column":37},"end":{"line":54,"column":42}},"loc":{"start":{"line":54,"column":62},"end":{"line":71,"column":5}}},"7":{"name":"(anonymous_7)","decl":{"start":{"line":63,"column":24},"end":{"line":63,"column":25}},"loc":{"start":{"line":63,"column":48},"end":{"line":65,"column":13}}},"8":{"name":"(anonymous_8)","decl":{"start":{"line":73,"column":23},"end":{"line":73,"column":28}},"loc":{"start":{"line":73,"column":34},"end":{"line":94,"column":5}}},"9":{"name":"(anonymous_9)","decl":{"start":{"line":86,"column":20},"end":{"line":86,"column":21}},"loc":{"start":{"line":86,"column":44},"end":{"line":88,"column":7}}},"10":{"name":"(anonymous_10)","decl":{"start":{"line":99,"column":38},"end":{"line":99,"column":39}},"loc":{"start":{"line":100,"column":14},"end":{"line":100,"column":null}}},"11":{"name":"(anonymous_11)","decl":{"start":{"line":103,"column":58},"end":{"line":103,"column":59}},"loc":{"start":{"line":103,"column":87},"end":{"line":105,"column":19}}},"12":{"name":"(anonymous_12)","decl":{"start":{"line":122,"column":28},"end":{"line":122,"column":29}},"loc":{"start":{"line":122,"column":50},"end":{"line":128,"column":15}}},"13":{"name":"(anonymous_13)","decl":{"start":{"line":134,"column":28},"end":{"line":134,"column":29}},"loc":{"start":{"line":134,"column":42},"end":{"line":140,"column":15}}}},"branchMap":{"0":{"loc":{"start":{"line":20,"column":20},"end":{"line":20,"column":45}},"type":"binary-expr","locations":[{"start":{"line":20,"column":20},"end":{"line":20,"column":39}},{"start":{"line":20,"column":43},"end":{"line":20,"column":45}}]},"1":{"loc":{"start":{"line":31,"column":20},"end":{"line":31,"column":40}},"type":"binary-expr","locations":[{"start":{"line":31,"column":20},"end":{"line":31,"column":34}},{"start":{"line":31,"column":38},"end":{"line":31,"column":40}}]},"2":{"loc":{"start":{"line":67,"column":10},"end":{"line":69,"column":null}},"type":"if","locations":[{"start":{"line":67,"column":10},"end":{"line":69,"column":null}}]},"3":{"loc":{"start":{"line":68,"column":31},"end":{"line":68,"column":71}},"type":"binary-expr","locations":[{"start":{"line":68,"column":31},"end":{"line":68,"column":45}},{"start":{"line":68,"column":49},"end":{"line":68,"column":71}}]},"4":{"loc":{"start":{"line":76,"column":8},"end":{"line":76,"column":83}},"type":"if","locations":[{"start":{"line":76,"column":8},"end":{"line":76,"column":83}}]},"5":{"loc":{"start":{"line":77,"column":8},"end":{"line":77,"column":73}},"type":"if","locations":[{"start":{"line":77,"column":8},"end":{"line":77,"column":73}}]},"6":{"loc":{"start":{"line":90,"column":8},"end":{"line":92,"column":null}},"type":"if","locations":[{"start":{"line":90,"column":8},"end":{"line":92,"column":null}}]},"7":{"loc":{"start":{"line":91,"column":29},"end":{"line":91,"column":69}},"type":"binary-expr","locations":[{"start":{"line":91,"column":29},"end":{"line":91,"column":43}},{"start":{"line":91,"column":47},"end":{"line":91,"column":69}}]},"8":{"loc":{"start":{"line":98,"column":11},"end":{"line":110,"column":null}},"type":"cond-expr","locations":[{"start":{"line":99,"column":12},"end":{"line":108,"column":14}},{"start":{"line":110,"column":12},"end":{"line":110,"column":53}}]}},"s":{"0":1,"1":1,"2":1,"3":1,"4":1,"5":1,"6":17,"7":17,"8":17,"9":17,"10":17,"11":17,"12":10,"13":10,"14":9,"15":1,"16":17,"17":8,"18":8,"19":8,"20":0,"21":17,"22":8,"23":8,"24":17,"25":2,"26":2,"27":2,"28":17,"29":1,"30":1,"31":17,"32":1,"33":1,"34":1,"35":1,"36":1,"37":0,"38":0,"39":17,"40":2,"41":2,"42":0,"43":2,"44":0,"45":2,"46":2,"47":2,"48":2,"49":2,"50":2,"51":0,"52":0,"53":17,"54":20,"55":40,"56":30,"57":68,"58":1},"f":{"0":17,"1":10,"2":8,"3":8,"4":2,"5":1,"6":1,"7":1,"8":2,"9":2,"10":20,"11":40,"12":30,"13":68},"b":{"0":[9,0],"1":[8,0],"2":[0],"3":[0,0],"4":[0],"5":[0],"6":[0],"7":[0,0],"8":[10,7]}}
,"C:\\Users\\chand\\Work\\ReactJS\\BT\\client\\src\\Components\\Slot.tsx": {"path":"C:\\Users\\chand\\Work\\ReactJS\\BT\\client\\src\\Components\\Slot.tsx","statementMap":{"0":{"start":{"line":1,"column":0},"end":{"line":1,"column":35}},"1":{"start":{"line":4,"column":13},"end":{"line":21,"column":2}},"2":{"start":{"line":5,"column":2},"end":{"line":20,"column":4}},"3":{"start":{"line":8,"column":38},"end":{"line":8,"column":51}},"4":{"start":{"line":23,"column":0},"end":{"line":23,"column":20}}},"fnMap":{"0":{"name":"(anonymous_0)","decl":{"start":{"line":4,"column":18},"end":{"line":4,"column":19}},"loc":{"start":{"line":4,"column":51},"end":{"line":21,"column":1}}},"1":{"name":"(anonymous_1)","decl":{"start":{"line":8,"column":32},"end":{"line":8,"column":35}},"loc":{"start":{"line":8,"column":38},"end":{"line":8,"column":51}}}},"branchMap":{"0":{"loc":{"start":{"line":5,"column":9},"end":{"line":19,"column":null}},"type":"cond-expr","locations":[{"start":{"line":6,"column":4},"end":{"line":16,"column":null}},{"start":{"line":19,"column":4},"end":{"line":19,"column":75}}]},"1":{"loc":{"start":{"line":8,"column":15},"end":{"line":8,"column":63}},"type":"cond-expr","locations":[{"start":{"line":8,"column":32},"end":{"line":8,"column":51}},{"start":{"line":8,"column":54},"end":{"line":8,"column":63}}]},"2":{"loc":{"start":{"line":9,"column":13},"end":{"line":9,"column":60}},"type":"cond-expr","locations":[{"start":{"line":9,"column":29},"end":{"line":9,"column":43}},{"start":{"line":9,"column":46},"end":{"line":9,"column":60}}]},"3":{"loc":{"start":{"line":11,"column":8},"end":{"line":13,"column":null}},"type":"cond-expr","locations":[{"start":{"line":12,"column":12},"end":{"line":12,"column":68}},{"start":{"line":13,"column":12},"end":{"line":13,"column":null}}]}},"s":{"0":2,"1":2,"2":32,"3":2,"4":2},"f":{"0":32,"1":2},"b":{"0":[32,0],"1":[3,29],"2":[29,3],"3":[29,3]}}
,"C:\\Users\\chand\\Work\\ReactJS\\BT\\client\\src\\mocks\\handlers.ts": {"path":"C:\\Users\\chand\\Work\\ReactJS\\BT\\client\\src\\mocks\\handlers.ts","statementMap":{"0":{"start":{"line":1,"column":0},"end":{"line":1,"column":27}},"1":{"start":{"line":2,"column":12},"end":{"line":2,"column":36}},"2":{"start":{"line":3,"column":13},"end":{"line":104,"column":2}},"3":{"start":{"line":6,"column":4},"end":{"line":25,"column":6}},"4":{"start":{"line":28,"column":24},"end":{"line":28,"column":99}},"5":{"start":{"line":29,"column":4},"end":{"line":72,"column":6}},"6":{"start":{"line":76,"column":4},"end":{"line":82,"column":6}},"7":{"start":{"line":85,"column":24},"end":{"line":85,"column":99}},"8":{"start":{"line":86,"column":24},"end":{"line":86,"column":93}},"9":{"start":{"line":87,"column":4},"end":{"line":102,"column":6}},"10":{"start":{"line":105,"column":38},"end":{"line":105,"column":36889}},"11":{"start":{"line":105,"column":42},"end":{"line":105,"column":36878}},"12":{"start":{"line":105,"column":36927},"end":{"line":105,"column":36967}},"13":{"start":{"line":105,"column":36931},"end":{"line":105,"column":36956}},"14":{"start":{"line":105,"column":36968},"end":{"line":105,"column":36977}},"15":{"start":{"line":105,"column":36978},"end":{"line":105,"column":36984}},"16":{"start":{"line":105,"column":37020},"end":{"line":105,"column":37062}},"17":{"start":{"line":105,"column":37024},"end":{"line":105,"column":37051}},"18":{"start":{"line":105,"column":37063},"end":{"line":105,"column":37072}},"19":{"start":{"line":105,"column":37073},"end":{"line":105,"column":37079}},"20":{"start":{"line":105,"column":37096},"end":{"line":105,"column":37133}},"21":{"start":{"line":105,"column":37100},"end":{"line":105,"column":37122}},"22":{"start":{"line":105,"column":37135},"end":{"line":105,"column":37141}},"23":{"start":{"line":105,"column":37158},"end":{"line":105,"column":37198}},"24":{"start":{"line":105,"column":37162},"end":{"line":105,"column":37187}},"25":{"start":{"line":105,"column":37200},"end":{"line":105,"column":37206}}},"fnMap":{"0":{"name":"(anonymous_0)","decl":{"start":{"line":5,"column":43},"end":{"line":5,"column":44}},"loc":{"start":{"line":5,"column":61},"end":{"line":26,"column":3}}},"1":{"name":"(anonymous_1)","decl":{"start":{"line":27,"column":45},"end":{"line":27,"column":46}},"loc":{"start":{"line":27,"column":63},"end":{"line":73,"column":3}}},"2":{"name":"(anonymous_2)","decl":{"start":{"line":75,"column":40},"end":{"line":75,"column":41}},"loc":{"start":{"line":75,"column":58},"end":{"line":83,"column":3}}},"3":{"name":"(anonymous_3)","decl":{"start":{"line":84,"column":46},"end":{"line":84,"column":47}},"loc":{"start":{"line":84,"column":64},"end":{"line":103,"column":3}}},"4":{"name":"oo_cm","decl":{"start":{"line":105,"column":30},"end":{"line":105,"column":35}},"loc":{"start":{"line":105,"column":35},"end":{"line":105,"column":36890}}},"5":{"name":"oo_oo","decl":{"start":{"line":105,"column":36900},"end":{"line":105,"column":36905}},"loc":{"start":{"line":105,"column":36925},"end":{"line":105,"column":36977}}},"6":{"name":"oo_tr","decl":{"start":{"line":105,"column":36993},"end":{"line":105,"column":36998}},"loc":{"start":{"line":105,"column":37018},"end":{"line":105,"column":37072}}},"7":{"name":"oo_ts","decl":{"start":{"line":105,"column":37088},"end":{"line":105,"column":37093}},"loc":{"start":{"line":105,"column":37093},"end":{"line":105,"column":37134}}},"8":{"name":"oo_te","decl":{"start":{"line":105,"column":37150},"end":{"line":105,"column":37155}},"loc":{"start":{"line":105,"column":37155},"end":{"line":105,"column":37199}}}},"branchMap":{"0":{"loc":{"start":{"line":105,"column":49},"end":{"line":105,"column":36877}},"type":"binary-expr","locations":[{"start":{"line":105,"column":49},"end":{"line":105,"column":86}},{"start":{"line":105,"column":90},"end":{"line":105,"column":36877}}]}},"s":{"0":3,"1":3,"2":3,"3":8,"4":9,"5":9,"6":1,"7":2,"8":2,"9":2,"10":13,"11":13,"12":13,"13":13,"14":13,"15":3,"16":0,"17":0,"18":0,"19":3,"20":0,"21":0,"22":3,"23":0,"24":0,"25":3},"f":{"0":8,"1":9,"2":1,"3":2,"4":13,"5":13,"6":0,"7":0,"8":0},"b":{"0":[13,1]}}
,"C:\\Users\\chand\\Work\\ReactJS\\BT\\client\\src\\mocks\\server.ts": {"path":"C:\\Users\\chand\\Work\\ReactJS\\BT\\client\\src\\mocks\\server.ts","statementMap":{"0":{"start":{"line":2,"column":0},"end":{"line":2,"column":38}},"1":{"start":{"line":3,"column":0},"end":{"line":3,"column":37}},"2":{"start":{"line":5,"column":13},"end":{"line":5,"column":null}}},"fnMap":{},"branchMap":{},"s":{"0":3,"1":3,"2":3},"f":{},"b":{}}
,"C:\\Users\\chand\\Work\\ReactJS\\BT\\client\\src\\utils\\utility-methods.ts": {"path":"C:\\Users\\chand\\Work\\ReactJS\\BT\\client\\src\\utils\\utility-methods.ts","statementMap":{"0":{"start":{"line":2,"column":26},"end":{"line":9,"column":1}},"1":{"start":{"line":3,"column":23},"end":{"line":3,"column":33}},"2":{"start":{"line":4,"column":33},"end":{"line":4,"column":76}},"3":{"start":{"line":5,"column":18},"end":{"line":5,"column":98}},"4":{"start":{"line":5,"column":58},"end":{"line":5,"column":97}},"5":{"start":{"line":6,"column":4},"end":{"line":6,"column":62}},"6":{"start":{"line":7,"column":5},"end":{"line":7,"column":null}},"7":{"start":{"line":8,"column":4},"end":{"line":8,"column":null}},"8":{"start":{"line":2,"column":13},"end":{"line":2,"column":26}}},"fnMap":{"0":{"name":"(anonymous_0)","decl":{"start":{"line":2,"column":26},"end":{"line":2,"column":27}},"loc":{"start":{"line":2,"column":77},"end":{"line":9,"column":1}}},"1":{"name":"(anonymous_1)","decl":{"start":{"line":5,"column":38},"end":{"line":5,"column":39}},"loc":{"start":{"line":5,"column":58},"end":{"line":5,"column":97}}}},"branchMap":{},"s":{"0":2,"1":4,"2":4,"3":4,"4":4,"5":4,"6":4,"7":4,"8":2},"f":{"0":4,"1":4},"b":{}}
}
