TN:
SF:src\Components\CarParking.tsx
FN:8,(anonymous_0)
FN:15,(anonymous_1)
FN:26,(anonymous_2)
FN:37,(anonymous_3)
FN:43,(anonymous_4)
FN:49,(anonymous_5)
FN:54,(anonymous_6)
FN:63,(anonymous_7)
FN:73,(anonymous_8)
FN:86,(anonymous_9)
FN:99,(anonymous_10)
FN:103,(anonymous_11)
FN:122,(anonymous_12)
FN:134,(anonymous_13)
FNF:14
FNH:14
FNDA:17,(anonymous_0)
FNDA:10,(anonymous_1)
FNDA:8,(anonymous_2)
FNDA:8,(anonymous_3)
FNDA:2,(anonymous_4)
FNDA:1,(anonymous_5)
FNDA:1,(anonymous_6)
FNDA:1,(anonymous_7)
FNDA:2,(anonymous_8)
FNDA:2,(anonymous_9)
FNDA:20,(anonymous_10)
FNDA:40,(anonymous_11)
FNDA:30,(anonymous_12)
FNDA:68,(anonymous_13)
DA:1,1
DA:2,1
DA:3,1
DA:4,1
DA:6,1
DA:8,1
DA:9,17
DA:10,17
DA:11,17
DA:12,17
DA:13,17
DA:15,17
DA:16,10
DA:17,10
DA:20,9
DA:22,1
DA:26,17
DA:27,8
DA:28,8
DA:31,8
DA:33,0
DA:37,17
DA:39,8
DA:40,8
DA:43,17
DA:44,2
DA:45,2
DA:46,2
DA:49,17
DA:50,1
DA:51,1
DA:54,17
DA:55,1
DA:56,1
DA:62,1
DA:63,1
DA:64,1
DA:67,0
DA:68,0
DA:73,17
DA:74,2
DA:76,2
DA:77,2
DA:79,2
DA:83,2
DA:84,2
DA:85,2
DA:86,2
DA:87,2
DA:90,0
DA:91,0
DA:95,17
DA:100,20
DA:104,40
DA:123,30
DA:135,68
DA:149,1
LF:57
LH:52
BRDA:20,0,0,9
BRDA:20,0,1,0
BRDA:31,1,0,8
BRDA:31,1,1,0
BRDA:67,2,0,0
BRDA:68,3,0,0
BRDA:68,3,1,0
BRDA:76,4,0,0
BRDA:77,5,0,0
BRDA:90,6,0,0
BRDA:91,7,0,0
BRDA:91,7,1,0
BRDA:98,8,0,10
BRDA:98,8,1,7
BRF:14
BRH:4
end_of_record
TN:
SF:src\Components\Slot.tsx
FN:4,(anonymous_0)
FN:8,(anonymous_1)
FNF:2
FNH:2
FNDA:32,(anonymous_0)
FNDA:2,(anonymous_1)
DA:1,2
DA:4,2
DA:5,32
DA:8,2
DA:23,2
LF:5
LH:5
BRDA:5,0,0,32
BRDA:5,0,1,0
BRDA:8,1,0,3
BRDA:8,1,1,29
BRDA:9,2,0,29
BRDA:9,2,1,3
BRDA:11,3,0,29
BRDA:11,3,1,3
BRF:8
BRH:7
end_of_record
TN:
SF:src\mocks\handlers.ts
FN:5,(anonymous_0)
FN:27,(anonymous_1)
FN:75,(anonymous_2)
FN:84,(anonymous_3)
FN:105,oo_cm
FN:105,oo_oo
FN:105,oo_tr
FN:105,oo_ts
FN:105,oo_te
FNF:9
FNH:6
FNDA:8,(anonymous_0)
FNDA:9,(anonymous_1)
FNDA:1,(anonymous_2)
FNDA:2,(anonymous_3)
FNDA:13,oo_cm
FNDA:13,oo_oo
FNDA:0,oo_tr
FNDA:0,oo_ts
FNDA:0,oo_te
DA:1,3
DA:2,3
DA:3,3
DA:6,8
DA:28,9
DA:29,9
DA:76,1
DA:85,2
DA:86,2
DA:87,2
DA:105,13
LF:11
LH:11
BRDA:105,0,0,13
BRDA:105,0,1,1
BRF:2
BRH:2
end_of_record
TN:
SF:src\mocks\server.ts
FNF:0
FNH:0
DA:2,3
DA:3,3
DA:5,3
LF:3
LH:3
BRF:0
BRH:0
end_of_record
TN:
SF:src\utils\utility-methods.ts
FN:2,(anonymous_0)
FN:5,(anonymous_1)
FNF:2
FNH:2
FNDA:4,(anonymous_0)
FNDA:4,(anonymous_1)
DA:2,2
DA:3,4
DA:4,4
DA:5,4
DA:6,4
DA:7,4
DA:8,4
LF:7
LH:7
BRF:0
BRH:0
end_of_record
